<?xml version="1.0" encoding="UTF-8"?>
<!-- Generated by org.testng.reporters.JUnitReportReporter -->
<testsuite hostname="MacbookAir" failures="0" tests="3" name="com.test.testcases.DataDrivenTest" time="19.789" errors="0" timestamp="2023-05-09T16:30:15 EDT" skipped="0">
  <testcase classname="com.test.testcases.DataDrivenTest" name="ddt" time="6.434"/>
  <system-out/>
  <testcase classname="com.test.testcases.DataDrivenTest" name="ddt" time="7.133"/>
  <system-out/>
  <testcase classname="com.test.testcases.DataDrivenTest" name="ddt" time="6.222"/>
  <system-out/>
</testsuite> <!-- com.test.testcases.DataDrivenTest -->
